
2013-12-13 01:00:03,256 - MangaFinder - INFO - No chapters found at http://www.mcanime.net/enciclopedia/manga/one_piece/1223/capitulos with that chapter's number
2013-12-13 01:00:08,506 - MangaFinder - INFO - No chapters found at http://www.mcanime.net/enciclopedia/manga/bleach/2468/capitulos with that chapter's number
2013-12-13 01:00:10,982 - MangaFinder - INFO - No chapters found at http://www.mcanime.net/enciclopedia/manga/naruto/1598/capitulos with that chapter's number
2013-12-13 01:00:12,750 - MangaFinder - INFO - No chapters found at http://www.mcanime.net/enciclopedia/manga/fairy_tail/6872/capitulos with that chapter's number
2013-12-13 01:05:02,198 - MangaFinder - INFO - No chapters found at http://www.mcanime.net/enciclopedia/manga/one_piece/1223/capitulos with that chapter's number
2013-12-13 01:05:03,775 - MangaFinder - INFO - No chapters found at http://www.mcanime.net/enciclopedia/manga/bleach/2468/capitulos with that chapter's number
2013-12-13 01:05:07,694 - MangaFinder - INFO - No chapters found at http://www.mcanime.net/enciclopedia/manga/naruto/1598/capitulos with that chapter's number
2013-12-13 01:05:08,900 - MangaFinder - INFO - No chapters found at http://www.mcanime.net/enciclopedia/manga/fairy_tail/6872/capitulos with that chapter's number
2013-12-13 01:10:02,279 - MangaFinder - INFO - No chapters found at http://www.mcanime.net/enciclopedia/manga/one_piece/1223/capitulos with that chapter's number
2013-12-13 01:10:03,849 - MangaFinder - INFO - No chapters found at http://www.mcanime.net/enciclopedia/manga/bleach/2468/capitulos with that chapter's number
2013-12-13 01:10:05,506 - MangaFinder - INFO - No chapters found at http://www.mcanime.net/enciclopedia/manga/naruto/1598/capitulos with that chapter's number
2013-12-13 01:10:06,776 - MangaFinder - INFO - No chapters found at http://www.mcanime.net/enciclopedia/manga/fairy_tail/6872/capitulos with that chapter's number
2013-12-13 02:00:03,457 - MangaFinder - INFO - No chapters found at http://www.mcanime.net/enciclopedia/manga/one_piece/1223/capitulos with that chapter's number
2013-12-13 02:00:05,983 - MangaFinder - INFO - No chapters found at http://www.mcanime.net/enciclopedia/manga/bleach/2468/capitulos with that chapter's number
2013-12-13 02:00:08,729 - MangaFinder - INFO - No chapters found at http://www.mcanime.net/enciclopedia/manga/naruto/1598/capitulos with that chapter's number
2013-12-13 02:00:10,573 - MangaFinder - INFO - No chapters found at http://www.mcanime.net/enciclopedia/manga/fairy_tail/6872/capitulos with that chapter's number
2013-12-13 03:00:03,319 - MangaFinder - INFO - No chapters found at http://www.mcanime.net/enciclopedia/manga/one_piece/1223/capitulos with that chapter's number
2013-12-13 03:00:05,573 - MangaFinder - INFO - No chapters found at http://www.mcanime.net/enciclopedia/manga/bleach/2468/capitulos with that chapter's number
2013-12-13 03:00:08,569 - MangaFinder - INFO - No chapters found at http://www.mcanime.net/enciclopedia/manga/naruto/1598/capitulos with that chapter's number
2013-12-13 03:00:10,338 - MangaFinder - INFO - No chapters found at http://www.mcanime.net/enciclopedia/manga/fairy_tail/6872/capitulos with that chapter's number
2013-12-13 04:00:03,240 - MangaFinder - INFO - No chapters found at http://www.mcanime.net/enciclopedia/manga/one_piece/1223/capitulos with that chapter's number
2013-12-13 04:00:05,595 - MangaFinder - INFO - No chapters found at http://www.mcanime.net/enciclopedia/manga/bleach/2468/capitulos with that chapter's number
2013-12-13 04:00:08,793 - MangaFinder - INFO - No chapters found at http://www.mcanime.net/enciclopedia/manga/naruto/1598/capitulos with that chapter's number
2013-12-13 04:00:10,555 - MangaFinder - INFO - No chapters found at http://www.mcanime.net/enciclopedia/manga/fairy_tail/6872/capitulos with that chapter's number
2013-12-13 05:00:02,507 - MangaFinder - INFO - No chapters found at http://www.mcanime.net/enciclopedia/manga/one_piece/1223/capitulos with that chapter's number
2013-12-13 05:00:04,022 - MangaFinder - INFO - No chapters found at http://www.mcanime.net/enciclopedia/manga/bleach/2468/capitulos with that chapter's number
2013-12-13 05:00:06,470 - MangaFinder - INFO - No chapters found at http://www.mcanime.net/enciclopedia/manga/naruto/1598/capitulos with that chapter's number
2013-12-13 05:00:07,687 - MangaFinder - INFO - No chapters found at http://www.mcanime.net/enciclopedia/manga/fairy_tail/6872/capitulos with that chapter's number
2013-12-13 06:00:03,342 - MangaFinder - INFO - No chapters found at http://www.mcanime.net/enciclopedia/manga/one_piece/1223/capitulos with that chapter's number
2013-12-13 06:00:05,651 - MangaFinder - INFO - No chapters found at http://www.mcanime.net/enciclopedia/manga/bleach/2468/capitulos with that chapter's number
2013-12-13 06:00:08,131 - MangaFinder - INFO - No chapters found at http://www.mcanime.net/enciclopedia/manga/naruto/1598/capitulos with that chapter's number
2013-12-13 06:00:09,987 - MangaFinder - INFO - No chapters found at http://www.mcanime.net/enciclopedia/manga/fairy_tail/6872/capitulos with that chapter's number
2013-12-13 07:00:03,430 - MangaFinder - INFO - No chapters found at http://www.mcanime.net/enciclopedia/manga/one_piece/1223/capitulos with that chapter's number
2013-12-13 07:00:05,755 - MangaFinder - INFO - No chapters found at http://www.mcanime.net/enciclopedia/manga/bleach/2468/capitulos with that chapter's number
2013-12-13 07:00:09,390 - MangaFinder - INFO - No chapters found at http://www.mcanime.net/enciclopedia/manga/naruto/1598/capitulos with that chapter's number
2013-12-13 07:00:11,246 - MangaFinder - INFO - No chapters found at http://www.mcanime.net/enciclopedia/manga/fairy_tail/6872/capitulos with that chapter's number
2013-12-13 08:00:03,295 - MangaFinder - INFO - No chapters found at http://www.mcanime.net/enciclopedia/manga/one_piece/1223/capitulos with that chapter's number
2013-12-13 08:00:05,542 - MangaFinder - INFO - No chapters found at http://www.mcanime.net/enciclopedia/manga/bleach/2468/capitulos with that chapter's number
2013-12-13 08:00:07,944 - MangaFinder - INFO - No chapters found at http://www.mcanime.net/enciclopedia/manga/naruto/1598/capitulos with that chapter's number
2013-12-13 08:00:09,723 - MangaFinder - INFO - No chapters found at http://www.mcanime.net/enciclopedia/manga/fairy_tail/6872/capitulos with that chapter's number
2013-12-13 09:00:03,095 - MangaFinder - INFO - No chapters found at http://www.mcanime.net/enciclopedia/manga/one_piece/1223/capitulos with that chapter's number
2013-12-13 09:00:05,497 - MangaFinder - INFO - No chapters found at http://www.mcanime.net/enciclopedia/manga/bleach/2468/capitulos with that chapter's number
2013-12-13 09:00:08,835 - MangaFinder - INFO - No chapters found at http://www.mcanime.net/enciclopedia/manga/naruto/1598/capitulos with that chapter's number
2013-12-13 09:00:10,772 - MangaFinder - INFO - No chapters found at http://www.mcanime.net/enciclopedia/manga/fairy_tail/6872/capitulos with that chapter's number
2013-12-13 10:00:03,177 - MangaFinder - INFO - No chapters found at http://www.mcanime.net/enciclopedia/manga/one_piece/1223/capitulos with that chapter's number
2013-12-13 10:00:05,500 - MangaFinder - INFO - No chapters found at http://www.mcanime.net/enciclopedia/manga/bleach/2468/capitulos with that chapter's number
2013-12-13 10:00:07,903 - MangaFinder - INFO - No chapters found at http://www.mcanime.net/enciclopedia/manga/naruto/1598/capitulos with that chapter's number
2013-12-13 10:00:09,729 - MangaFinder - INFO - No chapters found at http://www.mcanime.net/enciclopedia/manga/fairy_tail/6872/capitulos with that chapter's number
2013-12-13 11:00:03,551 - MangaFinder - INFO - No chapters found at http://www.mcanime.net/enciclopedia/manga/one_piece/1223/capitulos with that chapter's number
2013-12-13 11:00:05,938 - MangaFinder - INFO - No chapters found at http://www.mcanime.net/enciclopedia/manga/bleach/2468/capitulos with that chapter's number
2013-12-13 11:00:08,503 - MangaFinder - INFO - No chapters found at http://www.mcanime.net/enciclopedia/manga/naruto/1598/capitulos with that chapter's number
2013-12-13 11:00:10,335 - MangaFinder - INFO - No chapters found at http://www.mcanime.net/enciclopedia/manga/fairy_tail/6872/capitulos with that chapter's number
2013-12-13 12:00:02,832 - MangaFinder - INFO - No chapters found at http://www.mcanime.net/enciclopedia/manga/one_piece/1223/capitulos with that chapter's number
2013-12-13 12:00:04,438 - MangaFinder - INFO - No chapters found at http://www.mcanime.net/enciclopedia/manga/bleach/2468/capitulos with that chapter's number
2013-12-13 12:00:06,239 - MangaFinder - INFO - No chapters found at http://www.mcanime.net/enciclopedia/manga/naruto/1598/capitulos with that chapter's number
2013-12-13 12:00:07,451 - MangaFinder - INFO - No chapters found at http://www.mcanime.net/enciclopedia/manga/fairy_tail/6872/capitulos with that chapter's number
2013-12-13 13:00:06,983 - MangaFinder - INFO - No chapters found at http://www.mcanime.net/enciclopedia/manga/one_piece/1223/capitulos with that chapter's number
2013-12-13 13:00:09,230 - MangaFinder - INFO - No chapters found at http://www.mcanime.net/enciclopedia/manga/bleach/2468/capitulos with that chapter's number
2013-12-13 13:00:12,283 - MangaFinder - INFO - No chapters found at http://www.mcanime.net/enciclopedia/manga/naruto/1598/capitulos with that chapter's number
2013-12-13 13:00:14,051 - MangaFinder - INFO - No chapters found at http://www.mcanime.net/enciclopedia/manga/fairy_tail/6872/capitulos with that chapter's number
2013-12-13 14:08:57,619 - MangaFinder - INFO - No chapters found at http://www.mcanime.net/enciclopedia/manga/one_piece/1223/capitulos with that chapter's number
2013-12-13 14:08:59,230 - MangaFinder - INFO - No chapters found at http://www.mcanime.net/enciclopedia/manga/bleach/2468/capitulos with that chapter's number
2013-12-13 14:09:00,937 - MangaFinder - INFO - No chapters found at http://www.mcanime.net/enciclopedia/manga/naruto/1598/capitulos with that chapter's number
2013-12-13 14:09:02,150 - MangaFinder - INFO - No chapters found at http://www.mcanime.net/enciclopedia/manga/fairy_tail/6872/capitulos with that chapter's number
2013-12-13 15:00:03,119 - MangaFinder - INFO - No chapters found at http://www.mcanime.net/enciclopedia/manga/one_piece/1223/capitulos with that chapter's number
2013-12-13 15:00:04,670 - MangaFinder - INFO - No chapters found at http://www.mcanime.net/enciclopedia/manga/bleach/2468/capitulos with that chapter's number
2013-12-13 15:00:06,342 - MangaFinder - INFO - No chapters found at http://www.mcanime.net/enciclopedia/manga/naruto/1598/capitulos with that chapter's number
2013-12-13 15:00:07,549 - MangaFinder - INFO - No chapters found at http://www.mcanime.net/enciclopedia/manga/fairy_tail/6872/capitulos with that chapter's number
2013-12-13 16:00:02,523 - MangaFinder - INFO - No chapters found at http://www.mcanime.net/enciclopedia/manga/one_piece/1223/capitulos with that chapter's number
2013-12-13 16:00:04,135 - MangaFinder - INFO - No chapters found at http://www.mcanime.net/enciclopedia/manga/bleach/2468/capitulos with that chapter's number
2013-12-13 16:00:06,101 - MangaFinder - INFO - No chapters found at http://www.mcanime.net/enciclopedia/manga/naruto/1598/capitulos with that chapter's number
2013-12-13 16:00:07,361 - MangaFinder - INFO - No chapters found at http://www.mcanime.net/enciclopedia/manga/fairy_tail/6872/capitulos with that chapter's number
2013-12-13 17:00:04,486 - MangaFinder - INFO - No chapters found at http://www.mcanime.net/enciclopedia/manga/one_piece/1223/capitulos with that chapter's number
2013-12-13 17:00:07,328 - MangaFinder - INFO - No chapters found at http://www.mcanime.net/enciclopedia/manga/bleach/2468/capitulos with that chapter's number
2013-12-13 17:00:10,326 - MangaFinder - INFO - No chapters found at http://www.mcanime.net/enciclopedia/manga/naruto/1598/capitulos with that chapter's number
2013-12-13 17:00:12,342 - MangaFinder - INFO - No chapters found at http://www.mcanime.net/enciclopedia/manga/fairy_tail/6872/capitulos with that chapter's number
2013-12-13 18:00:03,339 - MangaFinder - INFO - No chapters found at http://www.mcanime.net/enciclopedia/manga/one_piece/1223/capitulos with that chapter's number
2013-12-13 18:00:05,621 - MangaFinder - INFO - No chapters found at http://www.mcanime.net/enciclopedia/manga/bleach/2468/capitulos with that chapter's number
2013-12-13 18:00:08,516 - MangaFinder - INFO - No chapters found at http://www.mcanime.net/enciclopedia/manga/naruto/1598/capitulos with that chapter's number
2013-12-13 18:00:10,392 - MangaFinder - INFO - No chapters found at http://www.mcanime.net/enciclopedia/manga/fairy_tail/6872/capitulos with that chapter's number
2013-12-13 20:00:05,444 - MangaFinder - INFO - No chapters found at http://www.mcanime.net/enciclopedia/manga/one_piece/1223/capitulos with that chapter's number
2013-12-13 20:00:07,325 - MangaFinder - INFO - No chapters found at http://www.mcanime.net/enciclopedia/manga/bleach/2468/capitulos with that chapter's number
2013-12-13 20:00:10,316 - MangaFinder - INFO - No chapters found at http://www.mcanime.net/enciclopedia/manga/naruto/1598/capitulos with that chapter's number
2013-12-13 20:00:11,598 - MangaFinder - INFO - No chapters found at http://www.mcanime.net/enciclopedia/manga/fairy_tail/6872/capitulos with that chapter's number
2013-12-13 21:01:24,490 - MangaFinder - DEBUG - Error en get_url_list_of_chapters
2013-12-13 21:01:24,490 - MangaFinder - INFO - Dirección http://www.mcanime.net/enciclopedia/manga/one_piece/1223/capitulos no resuelta.
2013-12-13 21:02:04,710 - MangaFinder - INFO - No chapters found at http://www.mcanime.net/enciclopedia/manga/bleach/2468/capitulos with that chapter's number
2013-12-13 21:02:08,296 - MangaFinder - INFO - No chapters found at http://www.mcanime.net/enciclopedia/manga/naruto/1598/capitulos with that chapter's number
2013-12-13 21:02:11,141 - MangaFinder - INFO - No chapters found at http://www.mcanime.net/enciclopedia/manga/fairy_tail/6872/capitulos with that chapter's number
2013-12-13 22:00:03,038 - MangaFinder - INFO - No chapters found at http://www.mcanime.net/enciclopedia/manga/one_piece/1223/capitulos with that chapter's number
2013-12-13 22:00:05,177 - MangaFinder - INFO - No chapters found at http://www.mcanime.net/enciclopedia/manga/bleach/2468/capitulos with that chapter's number
2013-12-13 22:00:07,640 - MangaFinder - INFO - No chapters found at http://www.mcanime.net/enciclopedia/manga/naruto/1598/capitulos with that chapter's number
2013-12-13 22:00:09,178 - MangaFinder - INFO - No chapters found at http://www.mcanime.net/enciclopedia/manga/fairy_tail/6872/capitulos with that chapter's number
2013-12-14 00:00:04,618 - MangaFinder - INFO - No chapters found at http://www.mcanime.net/enciclopedia/manga/one_piece/1223/capitulos with that chapter's number
2013-12-14 00:00:06,918 - MangaFinder - INFO - No chapters found at http://www.mcanime.net/enciclopedia/manga/bleach/2468/capitulos with that chapter's number
2013-12-14 00:00:09,473 - MangaFinder - INFO - No chapters found at http://www.mcanime.net/enciclopedia/manga/naruto/1598/capitulos with that chapter's number
2013-12-14 00:00:11,266 - MangaFinder - INFO - No chapters found at http://www.mcanime.net/enciclopedia/manga/fairy_tail/6872/capitulos with that chapter's number
2013-12-14 01:00:03,161 - MangaFinder - INFO - No chapters found at http://www.mcanime.net/enciclopedia/manga/one_piece/1223/capitulos with that chapter's number
2013-12-14 01:00:07,252 - MangaFinder - INFO - No chapters found at http://www.mcanime.net/enciclopedia/manga/bleach/2468/capitulos with that chapter's number
2013-12-14 01:00:09,326 - MangaFinder - INFO - No chapters found at http://www.mcanime.net/enciclopedia/manga/naruto/1598/capitulos with that chapter's number
2013-12-14 01:00:10,950 - MangaFinder - INFO - No chapters found at http://www.mcanime.net/enciclopedia/manga/fairy_tail/6872/capitulos with that chapter's number
